Arguments: 
  C:\Program Files\nodejs\node.exe C:\Users\Admin\AppData\Roaming\npm\node_modules\yarn\bin\yarn.js start

PATH: 
  C:\mcm\1.x.x\bin;C:\mcm\cluster\bin;C:\Program Files\Java\jdk-15.0.2\bin;C:\Python38;C:\Users\Admin\AppData\Roaming\npm;C:\Program Files\nodejs;C:\Windows\System32\wbem;C:\Program Files\Git\bin\;C:\Program Files\Microsoft SQL Server\Client SDK\ODBC\170\Tools\Binn\;C:\Program Files (x86)\Microsoft SQL Server\150\Tools\Binn\;C:\Program Files\Microsoft SQL Server\150\Tools\Binn\;C:\Program Files\Microsoft SQL Server\150\DTS\Binn\;D:\java\sqljdbc_9.2\enu\mssql-jdbc-9.2.1.jre15.jar;C:\Python38\Scripts;C:\Program Files\Java\jdk-15.0.2\bin;C:\Users\Admin\AppData\Local\Programs\Microsoft VS Code\bin;C:\Program Files\heroku\bin

Yarn version: 
  1.22.10

Node version: 
  15.3.0

Platform: 
  win32 x64

Trace: 
  SyntaxError: D:\internSCC\React\demo-webpack\package.json: Unexpected token } in JSON at position 247
      at JSON.parse (<anonymous>)
      at C:\Users\Admin\AppData\Roaming\npm\node_modules\yarn\lib\cli.js:1625:59
      at Generator.next (<anonymous>)
      at step (C:\Users\Admin\AppData\Roaming\npm\node_modules\yarn\lib\cli.js:310:30)
      at C:\Users\Admin\AppData\Roaming\npm\node_modules\yarn\lib\cli.js:321:13

npm manifest: 
  {
    "name": "webpack",
    "version": "1.0.0",
    "description": "",
    "main": "index.js",
    "scripts": {
      "start": "react-scripts start",
      "build": "react-scripts build",
      "test": "react-scripts test",
      "eject": "react-scripts eject",
    },
    "author": "",
    "license": "ISC",
    "devDependencies": {
      "@babel/preset-env": "^7.14.5",
      "babel-core": "^6.26.3",
      "babel-loader": "^8.2.2",
      "babel-preset-env": "^1.7.0",
      "css-loader": "^5.2.6",
      "mini-css-extract-plugin": "^1.6.0",
      "style-loader": "^2.0.0",
      "webpack": "^5.39.1",
      "webpack-cli": "^4.7.2"
    },
    "dependencies": {
      "react": "^17.0.2",
      "react-dom": "^17.0.2"
    }
  }

yarn manifest: 
  No manifest

Lockfile: 
  No lockfile
